2025-07-16 15:16:05 | INFO     | ================================================================================
2025-07-16 15:16:05 | INFO     | 🚀 DAPSL 实验开始
2025-07-16 15:16:05 | INFO     | 开始时间: 2025-07-16 15:16:05
2025-07-16 15:16:05 | INFO     | 结果保存目录: results\experiment_20250716_151605
2025-07-16 15:16:05 | INFO     | ================================================================================
2025-07-16 15:16:05 | INFO     | 实验参数配置:
2025-07-16 15:16:05 | INFO     |   - 独立运行次数: 2
2025-07-16 15:16:05 | INFO     |   - 初始解数量: 100
2025-07-16 15:16:05 | INFO     |   - 迭代次数: 20
2025-07-16 15:16:05 | INFO     |   - 每次迭代采样数: 5
2025-07-16 15:16:05 | INFO     |   - LCB系数: 0.1
2025-07-16 15:16:05 | INFO     |   - 候选解数量: 1000
2025-07-16 15:16:05 | INFO     |   - 计算设备: cuda
2025-07-16 15:16:05 | INFO     | ============================================================
2025-07-16 15:16:05 | INFO     | 🔬 开始测试问题: catboost_min
2025-07-16 15:16:05 | INFO     | ============================================================
2025-07-16 15:16:05 | INFO     | 问题信息:
2025-07-16 15:16:05 | INFO     |   - 变量维度: 13
2025-07-16 15:16:05 | INFO     |   - 目标数量: 2
2025-07-16 15:16:05 | INFO     |   - 变量边界: [0, 1]^13
2025-07-16 15:16:05 | INFO     |   - 参考点: [5.0, 2.5]
2025-07-16 15:16:05 | INFO     |   - 运行次数: 2
2025-07-16 15:16:05 | INFO     |   - 迭代次数: 20
2025-07-16 15:16:05 | INFO     | 
🔄 开始第 1/2 次运行
2025-07-16 15:16:05 | INFO     |   📈 初始HV值: 1.1919e+01
2025-07-16 15:16:05 | DEBUG    |   初始Pareto前沿大小: 1
2025-07-16 15:16:14 | DEBUG    |     🔍 迭代 1, 已评估: 100
2025-07-16 15:16:36 | DEBUG    |       📊 HV值: 1.1926e+01 (变化: +7.0217e-03)
2025-07-16 15:16:36 | DEBUG    |       当前Pareto前沿大小: 1
2025-07-16 15:16:36 | DEBUG    |     🔍 迭代 2, 已评估: 105
2025-07-16 15:17:01 | DEBUG    |       📊 HV值: 1.1962e+01 (变化: +3.6369e-02)
2025-07-16 15:17:01 | DEBUG    |       当前Pareto前沿大小: 1
2025-07-16 15:17:01 | DEBUG    |     🔍 迭代 3, 已评估: 110
2025-07-16 15:17:30 | DEBUG    |       📊 HV值: 1.1962e+01 (变化: +0.0000e+00)
2025-07-16 15:17:30 | DEBUG    |       当前Pareto前沿大小: 1
2025-07-16 15:17:30 | DEBUG    |     🔍 迭代 4, 已评估: 115
2025-07-16 15:17:53 | DEBUG    |       📊 HV值: 1.1962e+01 (变化: +0.0000e+00)
2025-07-16 15:17:53 | DEBUG    |       当前Pareto前沿大小: 1
2025-07-16 15:17:53 | DEBUG    |     🔍 迭代 5, 已评估: 120
2025-07-16 15:18:25 | DEBUG    |       📊 HV值: 1.1962e+01 (变化: +0.0000e+00)
2025-07-16 15:18:25 | DEBUG    |       当前Pareto前沿大小: 1
2025-07-16 15:18:25 | DEBUG    |     🔍 迭代 6, 已评估: 125
2025-07-16 15:18:57 | DEBUG    |       📊 HV值: 1.1962e+01 (变化: +0.0000e+00)
2025-07-16 15:18:57 | DEBUG    |       当前Pareto前沿大小: 1
2025-07-16 15:18:57 | DEBUG    |     🔍 迭代 7, 已评估: 130
2025-07-16 15:19:56 | DEBUG    |       📊 HV值: 1.1962e+01 (变化: +0.0000e+00)
2025-07-16 15:19:56 | DEBUG    |       当前Pareto前沿大小: 1
2025-07-16 15:19:56 | DEBUG    |     🔍 迭代 8, 已评估: 135
2025-07-16 15:21:34 | DEBUG    |       📊 HV值: 1.1962e+01 (变化: +0.0000e+00)
2025-07-16 15:21:34 | DEBUG    |       当前Pareto前沿大小: 1
2025-07-16 15:21:34 | DEBUG    |     🔍 迭代 9, 已评估: 140
2025-07-16 15:22:57 | DEBUG    |       📊 HV值: 1.1962e+01 (变化: +0.0000e+00)
2025-07-16 15:22:57 | DEBUG    |       当前Pareto前沿大小: 1
2025-07-16 15:22:57 | DEBUG    |     🔍 迭代 10, 已评估: 145
2025-07-16 15:24:32 | DEBUG    |       📊 HV值: 1.1962e+01 (变化: +0.0000e+00)
2025-07-16 15:24:32 | DEBUG    |       当前Pareto前沿大小: 1
2025-07-16 15:24:32 | DEBUG    |     🔍 迭代 11, 已评估: 150
2025-07-16 15:26:24 | DEBUG    |       📊 HV值: 1.1962e+01 (变化: +0.0000e+00)
2025-07-16 15:26:24 | DEBUG    |       当前Pareto前沿大小: 1
2025-07-16 15:26:24 | DEBUG    |     🔍 迭代 12, 已评估: 155
2025-07-16 15:27:43 | DEBUG    |       📊 HV值: 1.1962e+01 (变化: +0.0000e+00)
2025-07-16 15:27:43 | DEBUG    |       当前Pareto前沿大小: 1
2025-07-16 15:27:43 | DEBUG    |     🔍 迭代 13, 已评估: 160
2025-07-16 15:28:37 | DEBUG    |       📊 HV值: 1.1962e+01 (变化: +0.0000e+00)
2025-07-16 15:28:37 | DEBUG    |       当前Pareto前沿大小: 1
2025-07-16 15:28:37 | DEBUG    |     🔍 迭代 14, 已评估: 165
2025-07-16 15:29:31 | DEBUG    |       📊 HV值: 1.1962e+01 (变化: +0.0000e+00)
2025-07-16 15:29:31 | DEBUG    |       当前Pareto前沿大小: 1
2025-07-16 15:29:31 | DEBUG    |     🔍 迭代 15, 已评估: 170
2025-07-16 15:30:16 | DEBUG    |       📊 HV值: 1.1962e+01 (变化: +0.0000e+00)
2025-07-16 15:30:16 | DEBUG    |       当前Pareto前沿大小: 1
2025-07-16 15:30:16 | DEBUG    |     🔍 迭代 16, 已评估: 175
2025-07-16 15:31:16 | DEBUG    |       📊 HV值: 1.1962e+01 (变化: +0.0000e+00)
2025-07-16 15:31:16 | DEBUG    |       当前Pareto前沿大小: 1
2025-07-16 15:31:16 | DEBUG    |     🔍 迭代 17, 已评估: 180
2025-07-16 15:32:11 | DEBUG    |       📊 HV值: 1.1962e+01 (变化: +0.0000e+00)
2025-07-16 15:32:11 | DEBUG    |       当前Pareto前沿大小: 1
2025-07-16 15:32:11 | DEBUG    |     🔍 迭代 18, 已评估: 185
2025-07-16 15:33:20 | DEBUG    |       📊 HV值: 1.1962e+01 (变化: +0.0000e+00)
2025-07-16 15:33:20 | DEBUG    |       当前Pareto前沿大小: 1
2025-07-16 15:33:20 | DEBUG    |     🔍 迭代 19, 已评估: 190
