2025-07-16 18:22:26 | INFO     | ================================================================================
2025-07-16 18:22:26 | INFO     | 🚀 DAPSL 实验开始
2025-07-16 18:22:26 | INFO     | 开始时间: 2025-07-16 18:22:26
2025-07-16 18:22:26 | INFO     | 结果保存目录: results\experiment_20250716_182226
2025-07-16 18:22:26 | INFO     | ================================================================================
2025-07-16 18:22:26 | INFO     | 实验参数配置:
2025-07-16 18:22:26 | INFO     |   - 独立运行次数: 2
2025-07-16 18:22:26 | INFO     |   - 初始解数量: 100
2025-07-16 18:22:26 | INFO     |   - 迭代次数: 20
2025-07-16 18:22:26 | INFO     |   - 每次迭代采样数: 5
2025-07-16 18:22:26 | INFO     |   - LCB系数: 0.1
2025-07-16 18:22:26 | INFO     |   - 候选解数量: 1000
2025-07-16 18:22:26 | INFO     |   - 计算设备: cuda
2025-07-16 18:22:26 | INFO     | ============================================================
2025-07-16 18:22:26 | INFO     | 🔬 开始测试问题: catboost_min
2025-07-16 18:22:26 | INFO     | ============================================================
2025-07-16 18:22:27 | INFO     | 问题信息:
2025-07-16 18:22:27 | INFO     |   - 变量维度: 13
2025-07-16 18:22:27 | INFO     |   - 目标数量: 2
2025-07-16 18:22:27 | INFO     |   - 变量边界: [0, 1]^13
2025-07-16 18:22:27 | INFO     |   - 参考点: [0.2, 0.1]
2025-07-16 18:22:27 | INFO     |   - 运行次数: 2
2025-07-16 18:22:27 | INFO     |   - 迭代次数: 20
2025-07-16 18:22:27 | INFO     | 
🔄 开始第 1/2 次运行
2025-07-16 18:22:27 | INFO     |   📈 初始HV值: 3.0130e-03
2025-07-16 18:22:27 | DEBUG    |   初始Pareto前沿大小: 1
2025-07-16 18:22:37 | DEBUG    |     🔍 迭代 1, 已评估: 100
2025-07-16 18:23:00 | DEBUG    |       📊 HV值: 3.0130e-03 (变化: +0.0000e+00)
2025-07-16 18:23:00 | DEBUG    |       当前Pareto前沿大小: 1
2025-07-16 18:23:00 | DEBUG    |     🔍 迭代 2, 已评估: 105
2025-07-16 18:23:44 | DEBUG    |       📊 HV值: 3.0130e-03 (变化: +0.0000e+00)
2025-07-16 18:23:44 | DEBUG    |       当前Pareto前沿大小: 1
2025-07-16 18:23:44 | DEBUG    |     🔍 迭代 3, 已评估: 110
2025-07-16 18:24:36 | DEBUG    |       📊 HV值: 3.0130e-03 (变化: +0.0000e+00)
2025-07-16 18:24:36 | DEBUG    |       当前Pareto前沿大小: 1
2025-07-16 18:24:36 | DEBUG    |     🔍 迭代 4, 已评估: 115
2025-07-16 18:25:12 | DEBUG    |       📊 HV值: 3.5341e-03 (变化: +5.2111e-04)
2025-07-16 18:25:12 | DEBUG    |       当前Pareto前沿大小: 1
2025-07-16 18:25:12 | DEBUG    |     🔍 迭代 5, 已评估: 120
2025-07-16 18:25:40 | DEBUG    |       📊 HV值: 3.5341e-03 (变化: +0.0000e+00)
2025-07-16 18:25:40 | DEBUG    |       当前Pareto前沿大小: 1
2025-07-16 18:25:40 | DEBUG    |     🔍 迭代 6, 已评估: 125
2025-07-16 18:26:14 | DEBUG    |       📊 HV值: 3.5341e-03 (变化: +0.0000e+00)
2025-07-16 18:26:14 | DEBUG    |       当前Pareto前沿大小: 1
2025-07-16 18:26:14 | DEBUG    |     🔍 迭代 7, 已评估: 130
2025-07-16 18:26:54 | DEBUG    |       📊 HV值: 3.8004e-03 (变化: +2.6634e-04)
2025-07-16 18:26:54 | DEBUG    |       当前Pareto前沿大小: 1
2025-07-16 18:26:54 | DEBUG    |     🔍 迭代 8, 已评估: 135
2025-07-16 18:27:30 | DEBUG    |       📊 HV值: 3.8004e-03 (变化: +0.0000e+00)
2025-07-16 18:27:30 | DEBUG    |       当前Pareto前沿大小: 1
2025-07-16 18:27:30 | DEBUG    |     🔍 迭代 9, 已评估: 140
2025-07-16 18:28:25 | DEBUG    |       📊 HV值: 3.8004e-03 (变化: +0.0000e+00)
2025-07-16 18:28:25 | DEBUG    |       当前Pareto前沿大小: 1
2025-07-16 18:28:25 | DEBUG    |     🔍 迭代 10, 已评估: 145
2025-07-16 18:29:15 | DEBUG    |       📊 HV值: 3.8004e-03 (变化: +0.0000e+00)
2025-07-16 18:29:15 | DEBUG    |       当前Pareto前沿大小: 1
2025-07-16 18:29:15 | DEBUG    |     🔍 迭代 11, 已评估: 150
2025-07-16 18:30:26 | DEBUG    |       📊 HV值: 3.8004e-03 (变化: +0.0000e+00)
2025-07-16 18:30:26 | DEBUG    |       当前Pareto前沿大小: 1
2025-07-16 18:30:26 | DEBUG    |     🔍 迭代 12, 已评估: 155
2025-07-16 18:31:19 | DEBUG    |       📊 HV值: 3.8115e-03 (变化: +1.1040e-05)
2025-07-16 18:31:19 | DEBUG    |       当前Pareto前沿大小: 1
2025-07-16 18:31:19 | DEBUG    |     🔍 迭代 13, 已评估: 160
2025-07-16 18:32:06 | DEBUG    |       📊 HV值: 3.8115e-03 (变化: +0.0000e+00)
2025-07-16 18:32:06 | DEBUG    |       当前Pareto前沿大小: 1
2025-07-16 18:32:06 | DEBUG    |     🔍 迭代 14, 已评估: 165
2025-07-16 18:33:08 | DEBUG    |       📊 HV值: 3.8115e-03 (变化: +0.0000e+00)
2025-07-16 18:33:08 | DEBUG    |       当前Pareto前沿大小: 1
2025-07-16 18:33:08 | DEBUG    |     🔍 迭代 15, 已评估: 170
2025-07-16 18:34:06 | DEBUG    |       📊 HV值: 3.8115e-03 (变化: +0.0000e+00)
2025-07-16 18:34:06 | DEBUG    |       当前Pareto前沿大小: 1
2025-07-16 18:34:06 | DEBUG    |     🔍 迭代 16, 已评估: 175
2025-07-16 18:35:13 | DEBUG    |       📊 HV值: 3.8115e-03 (变化: +0.0000e+00)
2025-07-16 18:35:13 | DEBUG    |       当前Pareto前沿大小: 1
2025-07-16 18:35:13 | DEBUG    |     🔍 迭代 17, 已评估: 180
2025-07-16 18:36:32 | DEBUG    |       📊 HV值: 3.8115e-03 (变化: +0.0000e+00)
2025-07-16 18:36:32 | DEBUG    |       当前Pareto前沿大小: 1
2025-07-16 18:36:32 | DEBUG    |     🔍 迭代 18, 已评估: 185
2025-07-16 18:38:02 | DEBUG    |       📊 HV值: 3.8115e-03 (变化: +0.0000e+00)
2025-07-16 18:38:02 | DEBUG    |       当前Pareto前沿大小: 1
2025-07-16 18:38:02 | DEBUG    |     🔍 迭代 19, 已评估: 190
2025-07-16 18:39:18 | DEBUG    |       📊 HV值: 3.8115e-03 (变化: +0.0000e+00)
2025-07-16 18:39:18 | DEBUG    |       当前Pareto前沿大小: 1
2025-07-16 18:39:18 | DEBUG    |     🔍 迭代 20, 已评估: 195
2025-07-16 18:40:38 | DEBUG    |       📊 HV值: 4.1963e-03 (变化: +3.8482e-04)
2025-07-16 18:40:38 | DEBUG    |       当前Pareto前沿大小: 1
2025-07-16 18:40:38 | INFO     |   ✅ 第 1 次运行完成
2025-07-16 18:40:38 | INFO     |     最终HV值: 4.1963e-03
2025-07-16 18:40:38 | INFO     |     HV改进: +1.1833e-03
2025-07-16 18:40:38 | INFO     |     最终种群大小: 200
2025-07-16 18:40:38 | INFO     | 
🔄 开始第 2/2 次运行
2025-07-16 18:40:38 | INFO     |   📈 初始HV值: 2.8878e-03
2025-07-16 18:40:38 | DEBUG    |   初始Pareto前沿大小: 1
2025-07-16 18:40:54 | DEBUG    |     🔍 迭代 1, 已评估: 100
2025-07-16 18:41:21 | DEBUG    |       📊 HV值: 3.4950e-03 (变化: +6.0717e-04)
2025-07-16 18:41:21 | DEBUG    |       当前Pareto前沿大小: 1
2025-07-16 18:41:21 | DEBUG    |     🔍 迭代 2, 已评估: 105
2025-07-16 18:41:45 | DEBUG    |       📊 HV值: 3.4950e-03 (变化: +0.0000e+00)
2025-07-16 18:41:45 | DEBUG    |       当前Pareto前沿大小: 1
2025-07-16 18:41:45 | DEBUG    |     🔍 迭代 3, 已评估: 110
2025-07-16 18:42:12 | DEBUG    |       📊 HV值: 3.4950e-03 (变化: +0.0000e+00)
2025-07-16 18:42:12 | DEBUG    |       当前Pareto前沿大小: 1
2025-07-16 18:42:12 | DEBUG    |     🔍 迭代 4, 已评估: 115
2025-07-16 18:42:41 | DEBUG    |       📊 HV值: 3.4950e-03 (变化: +0.0000e+00)
2025-07-16 18:42:41 | DEBUG    |       当前Pareto前沿大小: 1
2025-07-16 18:42:41 | DEBUG    |     🔍 迭代 5, 已评估: 120
2025-07-16 18:43:43 | DEBUG    |       📊 HV值: 3.4950e-03 (变化: +0.0000e+00)
2025-07-16 18:43:43 | DEBUG    |       当前Pareto前沿大小: 1
2025-07-16 18:43:43 | DEBUG    |     🔍 迭代 6, 已评估: 125
2025-07-16 18:44:20 | DEBUG    |       📊 HV值: 3.6884e-03 (变化: +1.9347e-04)
2025-07-16 18:44:20 | DEBUG    |       当前Pareto前沿大小: 1
2025-07-16 18:44:20 | DEBUG    |     🔍 迭代 7, 已评估: 130
2025-07-16 18:44:55 | DEBUG    |       📊 HV值: 3.8990e-03 (变化: +2.1055e-04)
2025-07-16 18:44:55 | DEBUG    |       当前Pareto前沿大小: 1
2025-07-16 18:44:55 | DEBUG    |     🔍 迭代 8, 已评估: 135
2025-07-16 18:45:33 | DEBUG    |       📊 HV值: 3.8990e-03 (变化: +0.0000e+00)
2025-07-16 18:45:33 | DEBUG    |       当前Pareto前沿大小: 1
2025-07-16 18:45:33 | DEBUG    |     🔍 迭代 9, 已评估: 140
2025-07-16 18:46:16 | DEBUG    |       📊 HV值: 3.8990e-03 (变化: +0.0000e+00)
2025-07-16 18:46:16 | DEBUG    |       当前Pareto前沿大小: 1
2025-07-16 18:46:16 | DEBUG    |     🔍 迭代 10, 已评估: 145
2025-07-16 18:48:01 | DEBUG    |       📊 HV值: 3.8990e-03 (变化: +0.0000e+00)
2025-07-16 18:48:01 | DEBUG    |       当前Pareto前沿大小: 1
2025-07-16 18:48:01 | DEBUG    |     🔍 迭代 11, 已评估: 150
2025-07-16 18:50:05 | DEBUG    |       📊 HV值: 3.8990e-03 (变化: +0.0000e+00)
2025-07-16 18:50:05 | DEBUG    |       当前Pareto前沿大小: 1
2025-07-16 18:50:05 | DEBUG    |     🔍 迭代 12, 已评估: 155
2025-07-16 18:51:18 | DEBUG    |       📊 HV值: 3.8990e-03 (变化: +0.0000e+00)
2025-07-16 18:51:18 | DEBUG    |       当前Pareto前沿大小: 1
2025-07-16 18:51:18 | DEBUG    |     🔍 迭代 13, 已评估: 160
2025-07-16 18:51:58 | DEBUG    |       📊 HV值: 3.8990e-03 (变化: +0.0000e+00)
2025-07-16 18:51:58 | DEBUG    |       当前Pareto前沿大小: 1
2025-07-16 18:51:58 | DEBUG    |     🔍 迭代 14, 已评估: 165
2025-07-16 18:52:52 | DEBUG    |       📊 HV值: 3.8990e-03 (变化: +0.0000e+00)
2025-07-16 18:52:52 | DEBUG    |       当前Pareto前沿大小: 1
2025-07-16 18:52:52 | DEBUG    |     🔍 迭代 15, 已评估: 170
2025-07-16 18:53:43 | DEBUG    |       📊 HV值: 3.8990e-03 (变化: +0.0000e+00)
2025-07-16 18:53:43 | DEBUG    |       当前Pareto前沿大小: 1
2025-07-16 18:53:43 | DEBUG    |     🔍 迭代 16, 已评估: 175
2025-07-16 18:55:26 | DEBUG    |       📊 HV值: 3.8990e-03 (变化: +0.0000e+00)
2025-07-16 18:55:26 | DEBUG    |       当前Pareto前沿大小: 1
2025-07-16 18:55:26 | DEBUG    |     🔍 迭代 17, 已评估: 180
2025-07-16 18:56:47 | DEBUG    |       📊 HV值: 3.8990e-03 (变化: +0.0000e+00)
2025-07-16 18:56:47 | DEBUG    |       当前Pareto前沿大小: 1
2025-07-16 18:56:47 | DEBUG    |     🔍 迭代 18, 已评估: 185
2025-07-16 18:58:19 | DEBUG    |       📊 HV值: 4.0428e-03 (变化: +1.4379e-04)
2025-07-16 18:58:19 | DEBUG    |       当前Pareto前沿大小: 1
2025-07-16 18:58:19 | DEBUG    |     🔍 迭代 19, 已评估: 190
2025-07-16 18:59:31 | DEBUG    |       📊 HV值: 4.0428e-03 (变化: +0.0000e+00)
2025-07-16 18:59:31 | DEBUG    |       当前Pareto前沿大小: 1
2025-07-16 18:59:31 | DEBUG    |     🔍 迭代 20, 已评估: 195
2025-07-16 19:00:52 | DEBUG    |       📊 HV值: 4.5786e-03 (变化: +5.3587e-04)
2025-07-16 19:00:52 | DEBUG    |       当前Pareto前沿大小: 1
2025-07-16 19:00:52 | INFO     |   ✅ 第 2 次运行完成
2025-07-16 19:00:52 | INFO     |     最终HV值: 4.5786e-03
2025-07-16 19:00:52 | INFO     |     HV改进: +1.6908e-03
2025-07-16 19:00:52 | INFO     |     最终种群大小: 200
2025-07-16 19:00:52 | INFO     | 
📈 catboost_min 问题结果统计:
2025-07-16 19:00:52 | INFO     |   - 最终平均HV: 4.3875e-03 ± 1.9117e-04
2025-07-16 19:00:52 | INFO     |   - 最终最佳HV: 4.5786e-03
2025-07-16 19:00:52 | INFO     |   - 平均HV改进: 1.4371e-03
2025-07-16 19:00:52 | INFO     |   - 改进百分比: 48.71%
2025-07-16 19:00:52 | INFO     |   📊 收敛指标已保存: results\experiment_20250716_182226\data\catboost_min\convergence_metrics_catboost_min.pkl
2025-07-16 19:00:52 | INFO     |   💾 详细HV结果已保存: results\experiment_20250716_182226\data\catboost_min\catboost_min_hv_results.csv
2025-07-16 19:00:52 | INFO     | 收敛曲线已保存: results\experiment_20250716_182226\plots\catboost_min_convergence.png
2025-07-16 19:00:52 | INFO     | ============================================================
2025-07-16 19:00:52 | INFO     | ================================================================================
2025-07-16 19:00:52 | INFO     | 🏁 实验完成!
2025-07-16 19:00:52 | INFO     |   ⏱️  总耗时: 0:38:26.161936
2025-07-16 19:00:52 | INFO     |   📁 结果保存目录: results\experiment_20250716_182226
2025-07-16 19:00:52 | INFO     |   📋 实验总结: results\experiment_20250716_182226\data\experiment_summary.json
2025-07-16 19:00:52 | INFO     |   💾 完整结果: results\experiment_20250716_182226\data\hv_list_complete.pkl
2025-07-16 19:00:52 | INFO     |   📊 文件清单: results\experiment_20250716_182226\file_manifest.json
2025-07-16 19:00:52 | INFO     |   📈 日志文件: results\experiment_20250716_182226\logs\experiment.log
2025-07-16 19:00:52 | INFO     | 
📂 生成的文件结构:
2025-07-16 19:00:52 | INFO     |   📁 results\experiment_20250716_182226/
2025-07-16 19:00:52 | INFO     |     📁 data/ - 实验数据和指标
2025-07-16 19:00:52 | INFO     |     📁 logs/ - 详细日志文件
2025-07-16 19:00:52 | INFO     |     📁 plots/ - 收敛曲线图
2025-07-16 19:00:52 | INFO     |     📁 pareto_fronts/ - Pareto前沿数据
2025-07-16 19:00:52 | INFO     |     📁 populations/ - 种群演化数据
2025-07-16 19:00:52 | INFO     |     📁 models/ - 训练的模型(如有)
2025-07-16 19:00:52 | INFO     | ================================================================================
